 Excitation   ExcitLevel   Seniority    Walkers    Amplitude    Init?   Proc
1111000000000000000000000000000000000000    0    0    18259.97      0.84056  Y     13
1100110000000000000000000000000000000000    2    0   -8705.711      0.40075  Y     45
1001011000000000000000000000000000000000    2    4   -3083.164      0.14193  Y     33
0110100100000000000000000000000000000000    2    4   -3066.747      0.14117  Y     63
1001100100000000000000000000000000000000    2    4    2032.159      0.09355  Y     61
0110011000000000000000000000000000000000    2    4    2021.720      0.09307  Y     27
1100100000010000000000000000000000000000    2    2    1686.969      0.07766  Y     33
1100010000100000000000000000000000000000    2    2   -1681.739      0.07742  Y     29
0011110000000000000000000000000000000000    2    0   -1510.107      0.06951  Y     50
0011001100000000000000000000000000000000    2    0   -1435.109      0.06606  Y     21
1100001100000000000000000000000000000000    2    0   -1428.092      0.06574  Y     10
1001010000000010000000000000000000000000    2    4    1367.177      0.06294  Y      1
0000111100000000000000000000000000000000    4    0    1363.868      0.06278  Y     37
0110100000000001000000000000000000000000    2    4    1358.182      0.06252  Y     63
1010010100000000000000000000000000000000    2    4    1055.253      0.04858  Y     47
0101101000000000000000000000000000000000    2    4    1045.264      0.04812  Y     47
1110000001000000000000000000000000000000    1    2   -926.8300      0.04266  Y      5
1101000010000000000000000000000000000000    1    2    921.1916      0.04241  Y     29
1001100000000001000000000000000000000000    2    4   -911.3983      0.04195  Y     61
0110010000000010000000000000000000000000    2    4   -910.0923      0.04189  Y     59
0110000100100000000000000000000000000000    2    4   -780.9551      0.03595  Y     42
1001001000010000000000000000000000000000    2    4   -770.9661      0.03549  Y     36
0011001000000001000000000000000000000000    2    2    752.0405      0.03462  Y     21
0011000100000010000000000000000000000000    2    2   -723.2980      0.03330  Y      3
0011100000010000000000000000000000000000    2    2    717.0784      0.03301  Y     62
0011010000100000000000000000000000000000    2    2   -712.6544      0.03281  Y      2
0110001000010000000000000000000000000000    2    4    654.9250      0.03015  Y     24
0000111000000001000000000000000000000000    4    2   -647.4174      0.02980  Y     37
1001000100100000000000000000000000000000    2    4    635.6328      0.02926  Y     18
0000110100000010000000000000000000000000    4    2    628.5609      0.02893  Y     19
1100000100000010000000000000000000000000    2    2   -569.3095      0.02621  Y     28
1100001000000001000000000000000000000000    2    2    563.1913      0.02593  Y     10
0101100000000010000000000000000000000000    2    4   -457.2799      0.02105  Y     15
1010010000000001000000000000000000000000    2    4   -451.8920      0.02080  Y     47
1001000000010010000000000000000000000000    2    4   -450.7391      0.02075  Y     60
0110000000100001000000000000000000000000    2    4   -447.7159      0.02061  Y      6
1011000000000100000000000000000000000000    1    2    445.1156      0.02049  Y     35
0011000000000011000000000000000000000000    2    0   -444.2541      0.02045  Y     45
0111000000001000000000000000000000000000    1    2   -441.0125      0.02030  Y     43
1110000000000000000000010000000000000000    1    2    413.3469      0.01903  Y      5
1101000000000000000000100000000000000000    1    2   -413.3327      0.01903  Y     49
0000101100010000000000000000000000000000    4    2   -409.2403      0.01884  Y     57
0011000000110000000000000000000000000000    2    0   -407.8453      0.01877  Y     55
0000011100100000000000000000000000000000    4    2    392.9585      0.01809  Y     53
1001000000100001000000000000000000000000    2    4    370.6881      0.01706  Y     54
1100100000000000000000000100000000000000    2    2   -369.8333      0.01702  Y      1
0110000000010010000000000000000000000000    2    4    359.3550      0.01654  Y      0
1100010000000000000000001000000000000000    2    2    357.3374      0.01645  Y     13
0000110000000011000000000000000000000000    4    0    343.5203      0.01581  Y     61
1100000011000000000000000000000000000000    2    0   -334.9353      0.01542  Y     26
1100000000110000000000000000000000000000    2    0   -316.2551      0.01456  Y     40
1100000000000011000000000000000000000000    2    0   -308.3258      0.01419  Y     50
0111000000000000001000000000000000000000    1    2   -307.0774      0.01414  Y     59
1011000000000000000100000000000000000000    1    2    306.6104      0.01411  Y     27
0011000000001100000000000000000000000000    2    0   -304.5813      0.01402  Y      7
0110000001001000000000000000000000000000    2    4   -304.1803      0.01400  Y      9
1001000010000100000000000000000000000000    2    4   -301.0254      0.01386  Y     60
1000011001000000000000000000000000000000    3    4    264.1373      0.01216  Y     16
0011000000000000110000000000000000000000    2    0   -251.3359      0.01157  Y     63
0100100110000000000000000000000000000000    3    4    250.2343      0.01152  Y     34
1000110000000100000000000000000000000000    3    2   -248.3199      0.01143  Y     37
0110000010000100000000000000000000000000    2    4    243.5943      0.01121  Y      0
1001000001001000000000000000000000000000    2    4    243.0349      0.01119  Y     51
0100110000001000000000000000000000000000    3    2    242.6831      0.01117  Y     35
0011000011000000000000000000000000000000    2    0   -227.3949      0.01047  Y      5
0011000000000000001100000000000000000000    2    0   -224.6821      0.01034  Y     59
0011000000000000000011000000000000000000    2    0   -218.3251      0.01005  Y     54
0000100100010010000000000000000000000000    4    4    202.6215      0.00933  Y      9
0000011000100001000000000000000000000000    4    4    196.9676      0.00907  Y     25
1100000000000000110000000000000000000000    2    0   -192.9115      0.00888  Y     32
1001000000000000000001000010000000000000    2    4   -192.1636      0.00885  Y     29
0110000000000000000010000001000000000000    2    4   -191.1392      0.00880  Y     59
0000110011000000000000000000000000000000    4    0    184.8256      0.00851  Y     21
0010110001000000000000000000000000000000    3    2   -180.4876      0.00831  Y     46
1100000000001100000000000000000000000000    2    0   -177.3746      0.00817  Y     24
0001110010000000000000000000000000000000    3    2    177.2220      0.00816  Y     62
0000101000010001000000000000000000000000    4    4   -173.2564      0.00798  Y     35
0000010100100010000000000000000000000000    4    4   -172.0719      0.00792  Y     45
0000110000001100000000000000000000000000    4    0    168.1815      0.00774  Y     23
1100010000000000000000000000000000001000    2    2   -168.0009      0.00773  Y     25
0010001101000000000000000000000000000000    3    2    167.4239      0.00771  Y     21
1100100000000000000000000000000000000100    2    2    165.6810      0.00763  Y     45
0110000000000000001000010000000000000000    2    4   -164.9588      0.00759  Y     50
0001001110000000000000000000000000000000    3    2   -164.5723      0.00758  Y     27
1001000000000000000100100000000000000000    2    4   -163.8635      0.00754  Y     53
1000110000000000000100000000000000000000    3    2   -163.7775      0.00754  Y     45
1100000001000000000000100000000000000000    2    2    163.1294      0.00751  Y     15
1100000010000000000000010000000000000000    2    2   -162.5494      0.00748  Y     26
0101000010000000100000000000000000000000    2    4   -161.2722      0.00742  Y     28
0100101001000000000000000000000000000000    3    4   -161.0811      0.00742  Y     60
1010000001000000010000000000000000000000    2    4   -159.9513      0.00736  Y     37
0110001000000000000000000100000000000000    2    4   -159.6211      0.00735  Y     56
0110000000000000000100100000000000000000    2    4    159.1585      0.00733  Y      7
1001000010000000000100000000000000000000    2    4    159.0457      0.00732  Y      4
1100000000000000000000000011000000000000    2    0   -157.9212      0.00727  Y     44
0000110000000000110000000000000000000000    4    0    157.8342      0.00727  Y     15
1100000000010000000000001000000000000000    2    2   -156.9023      0.00722  Y     18
1100000000100000000000000100000000000000    2    2    156.5115      0.00720  Y      8
1001000100000000000000001000000000000000    2    4   -152.5502      0.00702  Y     34
0100110000000000001000000000000000000000    3    2    150.7354      0.00694  Y     51
1100000000000000000000110000000000000000    2    0   -147.2521      0.00678  Y     23
1000010110000000000000000000000000000000    3    4   -147.0034      0.00677  Y     42
0011000000000000000000110000000000000000    2    0   -146.5626      0.00675  Y      8
1001000000000000010000000000000010000000    2    4   -144.0334      0.00663  Y     22
0101001000100000000000000000000000000000    2    4    143.9644      0.00663  Y     40
0011000000001000000100000000000000000000    2    2    143.3022      0.00660  Y     15
0110000000000000100000000000000001000000    2    4   -143.1609      0.00659  Y     42
0000110000000000000011000000000000000000    4    0    142.3997      0.00656  Y      6
1010000100010000000000000000000000000000    2    4    139.8331      0.00644  Y     30
0110000001000000001000000000000000000000    2    4    139.2045      0.00641  Y     25
1001000000000100000000100000000000000000    2    4    132.9814      0.00612  Y     51
1001000000000000000010000001000000000000    2    4    130.6075      0.00601  Y      1
1001000000000000001000010000000000000000    2    4    130.5633      0.00601  Y     10
0100100010000001000000000000000000000000    3    4    130.1794      0.00599  Y     20
0011000000000000000000000011000000000000    2    0   -124.2514      0.00572  Y     51
0011000000000100001000000000000000000000    2    2   -123.7160      0.00570  Y     56
0000110000000000001100000000000000000000    4    0    123.2777      0.00567  Y     11
0011000000000000000000001100000000000000    2    0   -122.9875      0.00566  Y     27
0000001100110000000000000000000000000000    4    0    120.2258      0.00553  Y     54
0110000000000000000001000010000000000000    2    4    119.4379      0.00550  Y     31
1100000000000100100000000000000000000000    2    2    117.7244      0.00542  Y     39
0110000000001000000000010000000000000000    2    4    117.6937      0.00542  Y     30
0100011010000000000000000000000000000000    3    4   -117.5216      0.00541  Y     48
1100000000001000010000000000000000000000    2    2   -117.1592      0.00539  Y     60
1000010001000010000000000000000000000000    3    4    115.6276      0.00532  Y     43
0000010000100011000000000000000000000000    4    2    115.0150      0.00529  Y     11
1010000000010001000000000000000000000000    2    4    114.4282      0.00527  Y     52
1100000000000000000011000000000000000000    2    0   -110.3046      0.00508  Y     41
0010000101000010000000000000000000000000    3    4   -109.1224      0.00502  Y     22
1000100000010000000100000000000000000000    3    4    108.8954      0.00501  Y     40
0110000000000010000000000100000000000000    2    4    108.7658      0.00501  Y     32
0000100000010011000000000000000000000000    4    2   -107.4614      0.00495  Y     19
0110100000000000000000000000000000000001    2    4    106.8054      0.00492  Y      7
0011000001000000000000100000000000000000    2    2    105.1511      0.00484  Y     16
0011000000000000000000000000110000000000    2    0   -102.5628      0.00472  Y     60
0000110000110000000000000000000000000000    4    0    101.6189      0.00468  Y      7
1010000100000000000000000100000000000000    2    4    98.18678      0.00452  Y     62
0001001010000001000000000000000000000000    3    4   -95.92739      0.00442  Y     13
0110000000000100000000100000000000000000    2    4   -95.80321      0.00441  Y      9
1001010000000000000000000000000000000010    2    4    95.27573      0.00439  Y      1
0000100101001000000000000000000000000000    4    4   -95.18379      0.00438  Y     18
0110000010000000010000000000000000000000    2    4    93.89472      0.00432  Y     36
1000100101000000000000000000000000000000    3    4   -92.77322      0.00427  Y     62
0000110000000000000000110000000000000000    4    0    91.10468      0.00419  Y     24
1001100000000000000000000000000000000001    2    4   -90.91552      0.00419  Y     53
0100010000100000001000000000000000000000    3    4    90.86084      0.00418  Y      2
1100000000000000000000000000000011000000    2    0   -89.91687      0.00414  Y     34
1001000000000001000000001000000000000000    2    4    89.20826      0.00411  Y     18
0000110000000000000000001100000000000000    4    0    88.83279      0.00409  Y     43
0110000001000000100000000000000000000000    2    4    87.72125      0.00404  Y     25
0000100110000100000000000000000000000000    4    4    85.84803      0.00395  Y      9
0001000110000010000000000000000000000000    3    4    85.61411      0.00394  Y      7
0011000010000000000000010000000000000000    2    2   -85.13821      0.00392  Y      5
0010011000000000010000000000000000000000    3    4    84.98472      0.00391  Y     21
1001000000001000000000010000000000000000    2    4   -84.95407      0.00391  Y     30
0110000000000000010000000000000010000000    2    4    84.85332      0.00391  Y     38
0110010000000000000000000000000000000010    2    4   -84.75826      0.00390  Y     59
1001000001000000100000000000000000000000    2    4    83.99340      0.00387  Y     35
0011000000000000000000000000001100000000    2    0   -83.45874      0.00384  Y      4
1100000000000100001000000000000000000000    2    2   -83.36898      0.00384  Y     39
1010000001000000000100000000000000000000    2    4   -83.27535      0.00383  Y     57
0101000000000010000000001000000000000000    2    4   -82.79658      0.00381  Y      0
0101000010000000001000000000000000000000    2    4   -82.51123      0.00380  Y     28
0110000000000000010000100000000000000000    2    4   -82.42978      0.00379  Y     58
0000110000000000000000000011000000000000    4    0    82.40666      0.00379  Y      3
1001000000000000000000000100000000100000    2    4   -82.00992      0.00378  Y     36
0100100001000010000000000000000000000000    3    4   -81.95615      0.00377  Y     33
1000010010000001000000000000000000000000    3    4   -81.76350      0.00376  Y     56
0000011001001000000000000000000000000000    4    4    80.74515      0.00372  Y     22
0001100100000000100000000000000000000000    3    4    79.76142      0.00367  Y     63
1100000000001000000100000000000000000000    2    2    78.75763      0.00363  Y     16
1000010000000000000001000000100000000000    3    4    78.70948      0.00362  Y     33
1000010000100000000100000000000000000000    3    4   -77.79406      0.00358  Y     34
1010000000000001000000000100000000000000    2    4   -77.73830      0.00358  Y     14
0101001000000000000000001000000000000000    2    4    77.73367      0.00358  Y     24
0101000010001000000000000000000000000000    2    4    76.87382      0.00354  Y     12
0010001001000001000000000000000000000000    3    4    76.43827      0.00352  Y      2
0001101000000000000100000000000000000000    3    4    76.43391      0.00352  Y     37
1001000000000000100000010000000000000000    2    4   -75.97533      0.00350  Y     58
0010010100000000100000000000000000000000    3    4   -74.95655      0.00345  Y     27
0101000000100010000000000000000000000000    2    4    74.92750      0.00345  Y     22
0100001100000000100000000000000000000000    3    2    74.27966      0.00342  Y     52
0010100100000100000000000000000000000000    3    4    73.99454      0.00341  Y     39
1000001100000000010000000000000000000000    3    2   -72.79696      0.00335  Y     40
1001000010000000010000000000000000000000    2    4    72.66382      0.00334  Y     24
0011000000000001000000000000000000000010    2    2    72.49832      0.00334  Y     51
1010000001000100000000000000000000000000    2    4    71.69011      0.00330  Y      1
0000000100110010000000000000000000000000    4    2    71.52428      0.00329  Y     50
1100000100000000000000000000000000100000    2    2    71.38208      0.00329  Y     28
1001000100000000000000000000000000001000    2    4    71.34690      0.00328  Y     22
0001101000000000010000000000000000000000    3    4   -71.11930      0.00327  Y     57
1100001000000000000000000000000000010000    2    2   -70.64022      0.00325  Y     34
0100100000000000000010000000010000000000    3    4    70.37143      0.00324  Y      7
0110010000000000000000000000000000100000    2    4    70.05323      0.00322  Y     59
0011000100000000000000000000000000000010    2    2   -69.59180      0.00320  Y      3
0011000000000000000000000000000011000000    2    0   -69.52182      0.00320  Y     61
1000010000100100000000000000000000000000    3    4    69.17789      0.00318  Y     26
0110000100000000000000000000000000001000    2    4   -69.13228      0.00318  Y     38
0000110100000000000000000000000000000010    4    2    68.87803      0.00317  Y     19
0000110000000100001000000000000000000000    4    2    67.74955      0.00312  Y      8
1001000000000000100000000000000001000000    2    4    67.51583      0.00311  Y     18
0110000000000000000000000000100100000000    2    4   -67.20730      0.00309  Y     45
0110000010000000000100000000000000000000    2    4   -66.93129      0.00308  Y     56
0011000000000000000000000000000000001100    2    0   -66.62911      0.00307  Y     52
0001100100000000001000000000000000000000    3    4   -66.27571      0.00305  Y     63
0110000000000000000000001000000000010000    2    4   -64.74014      0.00298  Y     26
1001000000000000000000000000011000000000    2    4   -64.56704      0.00297  Y     15
0000100100000000001000010000000000000000    4    4   -64.05450      0.00295  Y     59
0011000000000010000000000000000000000001    2    2   -63.66406      0.00293  Y     37
0100100000011000000000000000000000000000    3    4    63.48419      0.00292  Y     40
1001001000000000000000000000000000000100    2    4   -63.09695      0.00290  Y     24
0110000100000000000000001000000000000000    2    4    63.00896      0.00290  Y     26
1001000000000000010000100000000000000000    2    4    62.83096      0.00289  Y      2
0000001000110001000000000000000000000000    4    2   -62.79522      0.00289  Y     44
0100010010000010000000000000000000000000    3    4   -62.73722      0.00289  Y     44
1001000000000000000100000000000010000000    2    4   -62.67853      0.00289  Y      9
0100100000010000001000000000000000000000    3    4   -62.31266      0.00287  Y     56
0100001100001000000000000000000000000000    3    2    61.93913      0.00285  Y      4
1001100000000000000000000000000000010000    2    4    61.61134      0.00284  Y     37
0100100000000000100000000100000000000000    3    4    61.48692      0.00283  Y     62
1000010000000000100000000100000000000000    3    4   -60.63071      0.00279  Y     14
0000011010000100000000000000000000000000    4    4   -60.48861      0.00278  Y     31
1010000000000000000001000001000000000000    2    4    59.55018      0.00274  Y     27
0011000000000000000000000000000000000011    2    0   -59.46446      0.00274  Y     21
0011000000100000000000000000000000000100    2    2   -59.38190      0.00273  Y     43
0011001000000000000000000000000000000001    2    2    58.78964      0.00271  Y     13
0001100100001000000000000000000000000000    3    4   -58.00706      0.00267  Y     15
0110000000000000100000010000000000000000    2    4    57.74273      0.00266  Y      2
0001001000011000000000000000000000000000    3    4   -57.66552      0.00265  Y     33
0000011100000000000000001000000000000000    4    2   -57.39196      0.00264  Y      5
1000010000000000010000001000000000000000    3    4    56.89687      0.00262  Y     46
1001000000000010000000000000000000000100    2    4    56.88770      0.00262  Y     48
1000010000100000010000000000000000000000    3    4   -56.64620      0.00261  Y     54
0100100000000000010000001000000000000000    3    4   -56.28458      0.00259  Y     30
1100000000000001000000000000000000000010    2    2    56.14023      0.00258  Y     44
0000110000000000000000000000000011000000    4    0    55.64676      0.00256  Y     13
0000110000001000000100000000000000000000    4    2   -55.59623      0.00256  Y     31
1000100001000001000000000000000000000000    3    4   -55.44773      0.00255  Y     43
1000010000000100000000001000000000000000    3    4   -55.41222      0.00255  Y     31
1001000000010000000000000000000000000010    2    4   -55.24830      0.00254  Y     60
0110000000000010000000000000000000000100    2    4   -55.03050      0.00253  Y     12
0000110000000000000000000000110000000000    4    0    54.88776      0.00253  Y     12
0011000000010000000000000000000000001000    2    2    54.73391      0.00252  Y      1
0010000001000011000000000000000000000000    3    2    54.27783      0.00250  Y     15
1010000000000000010000000000000001000000    2    4    54.05369      0.00249  Y     46
0010011000000100000000000000000000000000    3    4   -54.02254      0.00249  Y     57
0100100000100100000000000000000000000000    3    4   -53.93454      0.00248  Y     50
0011000001000000000000000000000010000000    2    2    53.87714      0.00248  Y     36
0011100000000000000000000100000000000000    2    2    53.86824      0.00248  Y     30
0110001000000000000000000000000000000100    2    4    53.83169      0.00248  Y     36
0001010010000000000000001000000000000000    3    4   -53.72198      0.00247  Y     19
0001001000000000100000000100000000000000    3    4   -53.48079      0.00246  Y     55
0011100000000000000000000000000000000100    2    2    53.14274      0.00245  Y     50
1010010000000000000000000000000000010000    2    4   -52.56065      0.00242  Y      7
0001011000001000000000000000000000000000    3    4    52.43919      0.00241  Y     31
1100000000000000000000000000001100000000    2    0   -52.20118      0.00240  Y     27
0100100000010000100000000000000000000000    3    4   -52.03197      0.00240  Y     56
0011000000000000000000000000000000110000    2    0   -51.67129      0.00238  Y     37
0000101100000000000000000000000000000100    4    2   -51.66844      0.00238  Y     45
1100000000100000000000000000000000000100    2    2   -51.36846      0.00236  Y     52
0110000000010000000000000000000000000010    2    4    51.02492      0.00235  Y      0
0101000000000000000010000010000000000000    2    4    51.00743      0.00235  Y      3
0000010010000110000000000000000000000000    4    4    50.91772      0.00234  Y     50
1001000000000000000000000000000000000110    2    4   -50.82458      0.00234  Y     17
0010001100000000000000010000000000000000    3    2   -50.41358      0.00232  Y     21
1000010000001000000000000100000000000000    3    4    50.40776      0.00232  Y     50
1001000001000000001000000000000000000000    2    4   -49.92640      0.00230  Y     35
1001001000000000000000000100000000000000    2    4    49.80952      0.00229  Y      4
1100000010000000000000000000000001000000    2    2   -49.80548      0.00229  Y      2
0010010100000000001000000000000000000000    3    4    49.57128      0.00228  Y     27
0100000110000000000000001000000000000000    3    4    49.48881      0.00228  Y     10
0000101100000000000000000100000000000000    4    2    49.26711      0.00227  Y     25
0100100000001000000000000100000000000000    3    4   -48.62814      0.00224  Y     26
0100100000100000010000000000000000000000    3    4    47.65485      0.00219  Y     22
0000100100000000000100100000000000000000    4    4    47.21050      0.00217  Y     16
0110000000000000000000000100000000100000    2    4    46.89092      0.00216  Y     24
0000110000000000000000000000001100000000    4    0    46.74455      0.00215  Y     20
0011010000000000000000000000000000001000    2    2   -46.59761      0.00215  Y      6
1000010000010000100000000000000000000000    3    4    46.51791      0.00214  Y     20
0010000100000000100000000100000000000000    3    4    46.30646      0.00213  Y     57
0011000010000000000000000000000001000000    2    2   -46.27084      0.00213  Y     29
0000111000000000000000000000000000000001    4    2   -46.20149      0.00213  Y     29
1001000000100000000000000000000000000001    2    4    46.13498      0.00212  Y     46
0010000100011000000000000000000000000000    3    4    45.83424      0.00211  Y     15
1001000000000000000000001000000000010000    2    4    45.41005      0.00209  Y     34
0000110000000000000000000000000000001100    4    0    44.83806      0.00206  Y      4
0000110000100000000000000100000000000000    4    2    44.78632      0.00206  Y     39
1100000000000001000000000000000000100000    2    2   -44.75127      0.00206  Y     44
1100000000000010000000000000000000000001    2    2   -44.52957      0.00205  Y     58
0101100000000000000000000000000000100000    2    4   -44.25021      0.00204  Y     15
1000001100000100000000000000000000000000    3    2   -44.24204      0.00204  Y     12
0010011000000000000100000000000000000000    3    4   -44.17237      0.00203  Y      1
0110000000000000000000000000011000000000    2    4    43.67813      0.00201  Y     45
0000010000101100000000000000000000000000    4    2    43.51492      0.00200  Y     37
0000110010000000000000010000000000000000    4    2    43.45936      0.00200  Y     21
1000010000000000000100000000000000001000    3    4    43.45391      0.00200  Y     21
1000000100000010010000000000000000000000    3    4   -43.16974      0.00199  Y     26
0000011000000000000001000010000000000000    4    4   -42.69863      0.00197  Y      0
0000010001001010000000000000000000000000    4    4   -42.65946      0.00196  Y     13
0000010011100000000000000000000000000000    4    2    42.30516      0.00195  Y     30
0000011001000000001000000000000000000000    4    4   -42.27585      0.00195  Y      6
0100100000000100000000001000000000000000    3    4    42.25798      0.00195  Y     45
0000010000100000110000000000000000000000    4    2    42.15467      0.00194  Y     29
1100000000010000000000000000000000001000    2    2    42.07675      0.00194  Y     30
1001000000000000000000000000100100000000    2    4    41.98720      0.00193  Y     15
0110000000000001000000000000000000001000    2    4    41.82811      0.00193  Y     54
1100000001000000000000000000000010000000    2    2    41.62234      0.00192  Y     59
0100000100000010100000000000000000000000    3    4    41.53372      0.00191  Y     14
0000011000000000000100100000000000000000    4    4   -41.34755      0.00190  Y     24
0000100000011100000000000000000000000000    4    2   -41.25125      0.00190  Y     45
0101000000000000100000000000000010000000    2    4    41.16238      0.00189  Y     38
0001001000000000010000001000000000000000    3    4    40.95440      0.00189  Y     23
1000001000000001010000000000000000000000    3    4    40.93080      0.00188  Y     24
0110000000001000000000000000000001000000    2    4    40.83089      0.00188  Y      6
0011010000000000000000001000000000000000    2    2   -40.65910      0.00187  Y     18
0001001000000000000001000000100000000000    3    4    40.49909      0.00186  Y     36
0010010000000010000100000000000000000000    3    4    40.39761      0.00186  Y     25
0000110000000010000000000000000000000001    4    2    40.38220      0.00186  Y     53
0011000000010000000000001000000000000000    2    2    39.89531      0.00184  Y     13
1100000000000000001100000000000000000000    2    0   -39.83556      0.00183  Y     36
0000100100000000000010000001000000000000    4    4   -39.76355      0.00183  Y      4
1100000000000000000000000000000000110000    2    0   -39.49211      0.00182  Y     58
0001001000000000000010000000010000000000    3    4   -39.34596      0.00181  Y      0
0000100010000101000000000000000000000000    4    4   -38.59626      0.00178  Y     54
0100001000000001100000000000000000000000    3    4   -38.41489      0.00177  Y     36
0000110000010000000000001000000000000000    4    2   -38.41431      0.00177  Y     29
0000110000000001000000000000000000000010    4    2   -38.32166      0.00176  Y      3
0100000011001000000000000000000000000000    3    2    38.09971      0.00175  Y     45
0110000000100000000000000000000000000001    2    4   -38.01808      0.00175  Y     14
0000100100000000000001000010000000000000    4    4    37.41280      0.00172  Y     40
0010000100100100000000000000000000000000    3    4   -37.40921      0.00172  Y      5
0000011000010010000000000000000000000000    4    4   -37.29615      0.00172  Y     31
0000011000000000001000010000000000000000    4    4    37.22329      0.00171  Y     45
0000100100000000100000000000000001000000    4    4   -37.18692      0.00171  Y     51
0000011100000000000000000000000000001000    4    2    37.07490      0.00171  Y     57
1000010000011000000000000000000000000000    3    4   -37.03808      0.00170  Y     36
0010000100000000010000001000000000000000    3    4   -36.22606      0.00167  Y     25
0000100100001000000000010000000000000000    4    4    35.99403      0.00166  Y     39
1000010000000000000000000001001000000000    3    4    35.91799      0.00165  Y     26
0001000010000011000000000000000000000000    3    2   -35.91330      0.00165  Y     41
1001000000000000000000000000000000001001    2    4    35.67255      0.00164  Y     55
0000011000000000000010000001000000000000    4    4    35.62702      0.00164  Y     36
1010000000000100000000010000000000000000    2    4   -35.40942      0.00163  Y     21
0010000100000000000001000000100000000000    3    4   -35.38587      0.00163  Y     12
0010000100100000010000000000000000000000    3    4    35.27229      0.00162  Y     33
0100100000000000000001000000100000000000    3    4   -35.24755      0.00162  Y     43
1001000000000001000000000000000000001000    2    4   -35.21356      0.00162  Y      6
0011000000000100100000000000000000000000    2    2   -34.98114      0.00161  Y     56
0000110000000000000000000000000000110000    4    0    34.96762      0.00161  Y     53
1000011000000000000000010000000000000000    3    4   -34.89114      0.00161  Y     16
0010000001001100000000000000000000000000    3    2    34.76521      0.00160  Y     53
0001001100000000000000100000000000000000    3    2    34.72860      0.00160  Y     47
0110000000000000001000000000000001000000    2    4   -34.62680      0.00159  Y     26
0000100011010000000000000000000000000000    4    2   -34.48557      0.00159  Y     34
0100100000000000001000000000000000000100    3    4    34.26586      0.00158  Y     26
0000011000001000000000010000000000000000    4    4   -34.22661      0.00158  Y      1
1100000000000010000000000000000000010000    2    2    34.16888      0.00157  Y     10
0110000000000000000000000000000000001001    2    4   -33.98936      0.00156  Y      5
0010010001000000000000001000000000000000    3    4    33.75657      0.00155  Y     60
0001000100101000000000000000000000000000    3    4   -33.63167      0.00155  Y     45
0000011000000001000000001000000000000000    4    4    33.61877      0.00155  Y     53
0000100001001001000000000000000000000000    4    4    32.79426      0.00151  Y      9
0101000000000000000000001000000000100000    2    4    32.68825      0.00150  Y     18
1000100000000000000100000100000000000000    3    4   -32.65937      0.00150  Y     49
1000001001010000000000000000000000000000    3    4   -32.65594      0.00150  Y     17
1000001001000000000000000100000000000000    3    4    32.38102      0.00149  Y     49
0001000010001100000000000000000000000000    3    2   -32.29069      0.00149  Y     15
1010000000000000000100010000000000000000    2    4    32.25711      0.00148  Y     19
0010010000001001000000000000000000000000    3    4    32.16879      0.00148  Y      3
0010100000000001000100000000000000000000    3    4   -32.16077      0.00148  Y     31
0110000000000100000000000000000010000000    2    4   -32.15450      0.00148  Y     53
0110000000000000000000000000000000000110    2    4    32.14730      0.00148  Y     43
0000011000000100000000100000000000000000    4    4    32.13965      0.00148  Y     22
1000000011000100000000000000000000000000    3    2   -32.03494      0.00147  Y     53
0010000100010000100000000000000000000000    3    4   -31.89092      0.00147  Y     63
0100000000000011100000000000000000000000    3    2    31.84570      0.00147  Y     20
0010010001100000000000000000000000000000    3    4    31.61780      0.00146  Y     44
0000100010000001000100000000000000000000    4    4   -31.61514      0.00146  Y     21
0000001100000000110000000000000000000000    4    0    31.33262      0.00144  Y     62
1000000101100000000000000000000000000000    3    4    31.24701      0.00144  Y     27
0000000000110011000000000000000000000000    4    0    31.24232      0.00144  Y     34
1000100000000000000100000000000000000100    3    4   -31.19937      0.00144  Y      5
0000011000000000000000000000011000000000    4    4   -31.18579      0.00144  Y     50
0101000000001000000000100000000000000000    2    4   -31.15935      0.00143  Y     22
0100010000000000000010000000100000000000    3    4   -30.96412      0.00143  Y      1
1100000100000000000000000000000000000010    2    2   -30.94872      0.00142  Y     28
0000011010000000000100000000000000000000    4    4    30.90682      0.00142  Y     39
1010000000000000000000000100000000010000    2    4    30.85310      0.00142  Y     36
0100100000000000000000100000000000000001    3    4    30.85264      0.00142  Y     25
1000000101000000000000001000000000000000    3    4   -30.83951      0.00142  Y     11
0100100000000000000100000000000000001000    3    4   -30.74850      0.00142  Y     55
0000011000000000010000000000000010000000    4    4   -30.64198      0.00141  Y     57
1000010000000000000000010000000000000010    3    4    30.60563      0.00141  Y     27
0011000000001000010000000000000000000000    2    2    30.47970      0.00140  Y     35
0000100101000000001000000000000000000000    4    4    30.21898      0.00139  Y     34
1000001000010000000000010000000000000000    3    4   -30.18696      0.00139  Y     14
0000011000000000010000100000000000000000    4    4    29.93137      0.00138  Y     37
0000010000100000000011000000000000000000    4    2    29.59413      0.00136  Y     20
0000110001000000000000100000000000000000    4    2   -29.49150      0.00136  Y     32
0000001111000000000000000000000000000000    4    0    29.39060      0.00135  Y      4
0001100000000010010000000000000000000000    3    4    29.33320      0.00135  Y     17
0100010000000000001000001000000000000000    3    4   -29.22561      0.00135  Y      2
0001100000000001001000000000000000000000    3    4    29.19505      0.00134  Y     47
0000001001011000000000000000000000000000    4    4   -29.07605      0.00134  Y     14
0100010000000010000000100000000000000000    3    4    29.04051      0.00134  Y     52
0000010100000010000000001000000000000000    4    4   -28.69696      0.00132  Y      3
0001001000100100000000000000000000000000    3    4    28.45050      0.00131  Y     43
0100001010010000000000000000000000000000    3    4    28.43037      0.00131  Y     18
1000000000110000000100000000000000000000    3    2   -28.42276      0.00131  Y     58
0010000100000010000000010000000000000000    3    4   -28.38863      0.00131  Y     19
0000100000000001000100100000000000000000    4    4   -28.22786      0.00130  Y     16
0000001100000000000000000011000000000000    4    0    28.03355      0.00129  Y     50
0011000000100000000000000100000000000000    2    2   -27.82462      0.00128  Y     23
1100001000000000000000000000000000000001    2    2    27.78493      0.00128  Y     18
0100001010000000000000000100000000000000    3    4   -27.71340      0.00128  Y     50
1000010000010000001000000000000000000000    3    4   -27.62891      0.00127  Y     20
0000100000010000110000000000000000000000    4    2   -27.52498      0.00127  Y     37
0001000100100000001000000000000000000000    3    4   -27.51924      0.00127  Y     29
0001100001000000000000001000000000000000    3    4    27.35539      0.00126  Y     32
0100101000000000000000010000000000000000    3    4    27.03699      0.00124  Y     60
0000100100000100000000100000000000000000    4    4   -26.95180      0.00124  Y     18
1001000000000000000000000100000000000010    2    4   -26.84067      0.00124  Y     36
0001000000100110000000000000000000000000    3    4   -26.81333      0.00123  Y     10
0000110001000000000000000000000010000000    4    2   -26.79940      0.00123  Y     52
0000110000010000000000000000000000001000    4    2   -26.62790      0.00123  Y     17
0010100000000000010000000000000000010000    3    4    26.62154      0.00123  Y     55
0001010000000000100000000000000000100000    3    4    26.60258      0.00122  Y     61
0000111000000000000000000000000000010000    4    2    26.56880      0.00122  Y     13
0000100110000000000100000000000000000000    4    4   -26.26195      0.00121  Y      1
0000010000100000001100000000000000000000    4    2    26.22768      0.00121  Y     25
0000100000010000000011000000000000000000    4    2   -26.16579      0.00120  Y     28
0000001100000011000000000000000000000000    4    0    26.16168      0.00120  Y     44
1000000000110000010000000000000000000000    3    2   -26.01752      0.00120  Y     14
0000110100000000000000000000000000100000    4    2   -25.87608      0.00119  Y     19
0000100100000000010000000000000010000000    4    4    25.80668      0.00119  Y     47
0010100001000000000000000100000000000000    3    4   -25.80155      0.00119  Y     12
0010010000000110000000000000000000000000    3    4   -25.68371      0.00118  Y      0
0101000000000000100000100000000000000000    2    4    25.53039      0.00118  Y     58
0000100000000001000010000001000000000000    4    4    25.50124      0.00117  Y     28
0100010000000000001000000000000000001000    3    4   -25.49089      0.00117  Y     54
0001001000000001000000100000000000000000    3    4   -25.43613      0.00117  Y     63
0000001100100000000000000100000000000000    4    2   -25.31285      0.00117  Y     22
0000101000000001000000000100000000000000    4    4   -25.31252      0.00117  Y      9
0000100100000010000000000100000000000000    4    4    25.30836      0.00117  Y     41
0000001100000000000000000000000011000000    4    0    25.25490      0.00116  Y     60
0100000000111000000000000000000000000000    3    2   -25.23734      0.00116  Y     42
0000100000000101000000100000000000000000    4    4   -25.17166      0.00116  Y     21
1100000000000000000000000000000000000011    2    0   -25.03695      0.00115  Y     10
0001001000000000000100000000000000001000    3    4    25.02989      0.00115  Y     48
0000110010000000000000000000000001000000    4    2    25.02053      0.00115  Y     45
0000011000000001000000000000000000001000    4    4   -24.94301      0.00115  Y     41
0110000000000000000000001000000000000001    2    4   -24.84148      0.00114  Y     10
0110000000010000000000000000000000100000    2    4   -24.82762      0.00114  Y      0
1000000001100001000000000000000000000000    3    4   -24.63653      0.00113  Y      6
0000110000000100100000000000000000000000    4    2    24.60623      0.00113  Y      8
0001001000000000001000000000000000000100    3    4   -24.58856      0.00113  Y     19
0000011000000000100000000000000001000000    4    4    24.44469      0.00113  Y     53
0000001101000000000000100000000000000000    4    2   -24.37838      0.00112  Y     15
0010010000000001100000000000000000000000    3    4    24.33911      0.00112  Y     11
0101000000000000001000100000000000000000    2    4    24.31397      0.00112  Y     42
1000100000000000000001000000010000000000    3    4   -24.28400      0.00112  Y     25
1001000000001000000000000000000001000000    2    4   -24.27020      0.00112  Y     54
0110000000000000000000000000000000100100    2    4    24.24465      0.00112  Y     60
0010100000010000000000010000000000000000    3    4   -24.23559      0.00112  Y     41
0100000010000001000000001000000000000000    3    4    24.20996      0.00111  Y     12
0010000100000000000010000000010000000000    3    4    24.19688      0.00111  Y     48
0000010100000010000000000000000000001000    4    4    24.19069      0.00111  Y     55
0000100100000000000000000100000000100000    4    4    24.10117      0.00111  Y     33
0000100100100001000000000000000000000000    4    4   -24.07370      0.00111  Y     15
0000010000000010000100100000000000000000    4    4    24.03958      0.00111  Y     56
0000010000000011000000001000000000000000    4    2   -24.00903      0.00111  Y     27
0010010010000000000000000100000000000000    3    4    23.87530      0.00110  Y     25
0110000000000000000000000100000000000010    2    4    23.73878      0.00109  Y     24
0010000100000000001000000000000000000100    3    4    23.14094      0.00107  Y     29
1000010100000000000000100000000000000000    3    4    23.00529      0.00106  Y     22
0001001000100000010000000000000000000000    3    4   -22.95687      0.00106  Y     15
0000001010010100000000000000000000000000    4    4    22.95561      0.00106  Y     52
0000000101101000000000000000000000000000    4    4    22.89924      0.00105  Y      2
0001010000000010001000000000000000000000    3    4   -22.88383      0.00105  Y     23
0100000000110000001000000000000000000000    3    2    22.71004      0.00105  Y     26
0001000100000010000000100000000000000000    3    4    22.70965      0.00105  Y     15
1000000000110100000000000000000000000000    3    2    22.57348      0.00104  Y     50
0000100000000001001000010000000000000000    4    4    22.46706      0.00103  Y     37
1000000001000010000000000100000000000000    3    4    22.44929      0.00103  Y     32
1001000000000000000000000000000000011000    2    4    22.29820      0.00103  Y      0
0000001100010000000000001000000000000000    4    2    22.16243      0.00102  Y     12
0110000000000000000000000000000000011000    2    4   -22.12810      0.00102  Y     60
0100100000000000000100001000000000000000    3    4    21.97495      0.00101  Y     43
1001000000000000000000000000000000100100    2    4   -21.96023      0.00101  Y      0
0011001000000000000000000000000000010000    2    2   -21.94942      0.00101  Y     61
0000001100001100000000000000000000000000    4    0    21.88421      0.00101  Y      6
0000010000100000000000001100000000000000    4    2    21.79882      0.00100  Y     57
0010001100000000000000000000000001000000    3    2    21.71819      0.00100  Y     45
0000001100001000000100000000000000000000    4    2   -21.69859      0.00100  Y     14
0010000000100101000000000000000000000000    3    4    21.59934      0.00099  Y     18
1001000000000100000000000000000010000000    2    4    21.58199      0.00099  Y      7
0001001001000010000000000000000000000000    3    4    21.39944      0.00099  Y     26
0010001000000001000000010000000000000000    3    4    21.17847      0.00097  Y      5
1000010000000010000000010000000000000000    3    4    21.15244      0.00097  Y     40
0000001100000100001000000000000000000000    4    2    21.13341      0.00097  Y     55
0100001000000010010000000000000000000000    3    4   -21.04881      0.00097  Y      6
0110100000000000000000000000000000010000    2    4   -21.02857      0.00097  Y     23
1000001000000000000000010100000000000000    3    4   -21.01975      0.00097  Y     33
0001000000000110000000001000000000000000    3    4   -21.01324      0.00097  Y     37
0000011000000000000000000000100100000000    4    4    20.84216      0.00096  Y     50
0101000000000000001000000000000010000000    2    4    20.82797      0.00096  Y     22
0010000001000000000011000000000000000000    3    2    20.76219      0.00096  Y      6
0000000110100100000000000000000000000000    4    4   -20.59218      0.00095  Y      0
0001000000000010000001000000100000000000    3    4   -20.50079      0.00094  Y     52
1010000000000000000000000100000000000001    2    4    20.48116      0.00094  Y     20
1000000011000000010000000000000000000000    3    2    20.46970      0.00094  Y     17
0001001000010000100000000000000000000000    3    4    20.40165      0.00094  Y     49
0000100110000000010000000000000000000000    4    4    20.28305      0.00093  Y     45
0000100100000000000000000000100100000000    4    4   -20.22433      0.00093  Y     54
1010000000000000010000010000000000000000    2    4    20.22203      0.00093  Y      6
0100001000010000000000100000000000000000    3    4    20.19107      0.00093  Y     26
1000001000000000000000000001010000000000    3    4    20.03926      0.00092  Y      0
0000110000100000000000000000000000000100    4    2    19.99612      0.00092  Y     59
0010010010010000000000000000000000000000    3    4   -19.94392      0.00092  Y     57
0010100001010000000000000000000000000000    3    4   -19.86603      0.00091  Y     44
1010000000000000000100000000000001000000    2    4    19.72977      0.00091  Y     59
0000010001000010001000000000000000000000    4    4   -19.72072      0.00091  Y     11
0000100000010000000000110000000000000000    4    2   -19.70167      0.00091  Y     46
0010000000010001100000000000000000000000    3    4   -19.69388      0.00091  Y     31
0100000100000000000000001000000010000000    3    4   -19.55074      0.00090  Y      0
1000100000000100000000000100000000000000    3    4    19.53424      0.00090  Y     47
0010100000000000000001000000000100000000    3    4    19.45673      0.00090  Y     30
0010000100000001000000100000000000000000    3    4   -19.37578      0.00089  Y     49
0001100010010000000000000000000000000000    3    4    19.28912      0.00089  Y     29
0010001000000000000100000100000000000000    3    4    19.21930      0.00088  Y      8
1001000000000000001000000000000001000000    2    4    19.18916      0.00088  Y     34
0100001000001001000000000000000000000000    3    4    19.07676      0.00088  Y     28
0000100100000000100000010000000000000000    4    4    19.05377      0.00088  Y     11
0100010000001000000000001000000000000000    3    4    18.99281      0.00087  Y     22
0001010000000000000010000000001000000000    3    4    18.96495      0.00087  Y     38
0000001100000000000000110000000000000000    4    0    18.94444      0.00087  Y      7
0000000100001110000000000000000000000000    4    2    18.89411      0.00087  Y     47
0010000000100001010000000000000000000000    3    4    18.79994      0.00087  Y      5
0001010010100000000000000000000000000000    3    4   -18.65044      0.00086  Y     35
0001000000100010010000000000000000000000    3    4   -18.64754      0.00086  Y     29
0010001000010000000100000000000000000000    3    4   -18.63448      0.00086  Y     63
0000001110000000000000010000000000000000    4    2    18.60741      0.00086  Y      4
1000000000010010000000010000000000000000    3    4   -18.59110      0.00086  Y     62
0010000100000010000000000000000001000000    3    4    18.57705      0.00086  Y     43
0000000001101001000000000000000000000000    4    4    18.56608      0.00085  Y     33
0000101000000001000000000000000000000100    4    4    18.53173      0.00085  Y     29
0101100000000000000000000000000000000010    2    4   -18.50894      0.00085  Y     15
0100000010000010000000000100000000000000    3    4   -18.45772      0.00085  Y     22
1000000000011000000000000100000000000000    3    4   -18.41547      0.00085  Y      8
0000100000010000001100000000000000000000    4    2   -18.37548      0.00085  Y     33
0010000000000001010000001000000000000000    3    4    18.32723      0.00084  Y     57
0000100000000001000000000100000000100000    4    4   -18.29620      0.00084  Y     63
1000000110000000000000000100000000000000    3    4   -18.27755      0.00084  Y     46
1001010000000000000000000000000000100000    2    4   -18.26077      0.00084  Y      1
0000011000000000000000001000000000010000    4    4    18.20634      0.00084  Y      5
0100100000000010000000010000000000000000    3    4   -18.10663      0.00083  Y     36
1000000000010000000010000000010000000000    3    4    18.09344      0.00083  Y     27
0000100000010000000000000000110000000000    4    2   -18.07503      0.00083  Y     34
0101000000000000000000001000000000000010    2    4    18.03872      0.00083  Y     18
0000000100100000000001000010000000000000    4    4    18.03684      0.00083  Y     17
0001010000000000001000000000000000000010    3    4    17.95032      0.00083  Y     45
1000010000000000000010000000010000000000    3    4   -17.93350      0.00083  Y      5
0001001100000000000000000000000010000000    3    2   -17.92194      0.00083  Y     27
0010000000000001100000000100000000000000    3    4   -17.92049      0.00082  Y     25
0000100000010000000000000011000000000000    4    2   -17.90595      0.00082  Y     25
1001000000010000000000000000000000100000    2    4    17.89194      0.00082  Y     60
1000001000000101000000000000000000000000    3    4   -17.70841      0.00082  Y     37
0000110000001000010000000000000000000000    4    2   -17.48989      0.00081  Y     51
0001000000011010000000000000000000000000    3    4    17.42989      0.00080  Y      3
0000010000000110000000100000000000000000    4    4    17.37127      0.00080  Y     33
0000010000000010010000000000000010000000    4    4    17.36695      0.00080  Y     23
0001000000000011000000100000000000000000    3    2    17.34870      0.00080  Y     15
0000010010100000000000010000000000000000    4    4   -17.33402      0.00080  Y     21
0000011000000000000000000100000000100000    4    4   -17.29618      0.00080  Y      7
0010000001000100001000000000000000000000    3    4    17.16336      0.00079  Y      4
0001100000000000010000000000000000100000    3    4   -17.04541      0.00078  Y     51
0000110000000000000000000000000000000011    4    0    16.96974      0.00078  Y     37
1000100000000000000000010000000000000001    3    4   -16.96118      0.00078  Y     19
1000000000010000100000000100000000000000    3    4    16.89483      0.00078  Y     36
0000001100000000001100000000000000000000    4    0    16.87613      0.00078  Y     58
0010010000000000000000001000000001000000    3    4   -16.81298      0.00077  Y     63
0010000100001000000000000100000000000000    3    4   -16.79155      0.00077  Y     29
0000001100000000000011000000000000000000    4    0    16.74783      0.00077  Y     53
0000010000000010010000100000000000000000    4    4   -16.58771      0.00076  Y     43
0100000100000000000000000010100000000000    3    4    16.53338      0.00076  Y     20
0000011000100000000000000000000000000001    4    4    16.52956      0.00076  Y     17
1000010000000100000000000000000000001000    3    4   -16.49382      0.00076  Y     19
0100001100000000001000000000000000000000    3    2   -16.44697      0.00076  Y     52
0001000000010010100000000000000000000000    3    4    16.38476      0.00075  Y      1
0100000000100100000000001000000000000000    3    4   -16.37265      0.00075  Y     37
1000000000000011010000000000000000000000    3    2   -16.31951      0.00075  Y      8
0001001000001000000000000100000000000000    3    4    16.29630      0.00075  Y     19
0100000100100000000000100000000000000000    3    4   -16.25446      0.00075  Y     24
0010000000000011000000010000000000000000    3    2   -16.18366      0.00074  Y     11
1000001000000000000000010000000000000100    3    4    16.16433      0.00074  Y     53
0010000100000100000000001000000000000000    3    4    16.15509      0.00074  Y     10
0100000011000000100000000000000000000000    3    2   -16.12427      0.00074  Y     29
0000010000000010000010000001000000000000    4    4   -16.08578      0.00074  Y     44
0000000100000010000000000011000000000000    4    2    16.08406      0.00074  Y      8
0100100000000000000000000001001000000000    3    4   -16.06350      0.00074  Y     50
0000100100000010000000000000000000000100    4    4   -16.03371      0.00074  Y     21
0001100000000000000000000010010000000000    3    4    16.00070      0.00074  Y     27
1000010000000000001000000000000000000100    3    4   -15.99524      0.00074  Y     50
0010100000000000000100000000000000000001    3    4    15.94738      0.00073  Y     58
0001100000000000000000000100000010000000    3    4   -15.92773      0.00073  N     33
0000010000100000000000110000000000000000    4    2    15.87675      0.00073  Y     38
0001001000000000000000000001001000000000    3    4    15.84407      0.00073  Y     43
0000100000010000000000001100000000000000    4    2   -15.81971      0.00073  Y      1
0000100100000000000000001000000000010000    4    4   -15.77217      0.00073  Y     35
0000001000010001000000001000000000000000    4    4    15.75116      0.00073  Y     18
1000000000010001000000100000000000000000    3    4    15.72604      0.00072  Y     28
1100000000000000000000001000000000000100    2    2    15.71719      0.00072  Y     48
0000100100000000010000100000000000000000    4    4   -15.65325      0.00072  Y      3
1000100000010100000000000000000000000000    3    4   -15.58509      0.00072  Y     32
0000100100010000000000000000000000000010    4    4    15.58488      0.00072  Y      9
0010000100000000001000000100000000000000    3    4   -15.57609      0.00072  Y      9
0000010001100000000000100000000000000000    4    4    15.57088      0.00072  Y     21
0001000010000000000011000000000000000000    3    2   -15.51284      0.00071  Y     32
0010100000000001010000000000000000000000    3    4   -15.49826      0.00071  Y     51
1000100001000000000000000000000000010000    3    4    15.48176      0.00071  Y     19
0010000100000000000100000000000000001000    3    4   -15.46869      0.00071  Y      0
0000001100100000000000000000000000000100    4    2    15.44742      0.00071  Y     42
0000100100100000000000000000000000000001    4    4   -15.43553      0.00071  Y     23
0100000001100010000000000000000000000000    3    4   -15.41506      0.00071  Y     46
1000000001000001000000001000000000000000    3    4   -15.38887      0.00071  Y     42
0000100000000011000000000000000000000100    4    2   -15.38759      0.00071  Y     13
0001000000000010000010000000010000000000    3    4    15.36261      0.00071  Y     16
0010100100000000000100000000000000000000    3    4    15.35734      0.00071  Y     47
0110000000000000000100000000000010000000    2    4    15.34970      0.00071  Y     51
0100100100000000000000100000000000000000    3    4   -15.34479      0.00071  Y     54
1000000110010000000000000000000000000000    3    4    15.32836      0.00071  Y     14
0000000100010010000000001000000000000000    4    4   -15.25051      0.00070  Y     34
0001100000000000000000000001100000000000    3    4   -15.17625      0.00070  Y      7
0000001000010000001000010000000000000000    4    4    15.17294      0.00070  Y     26
0100000100000000000000101000000000000000    3    4   -15.14023      0.00070  Y      7
0100000000100001000000100000000000000000    3    4   -15.13510      0.00070  Y     12
0000100100000000000100000000000010000000    4    4    15.11793      0.00070  Y     60
0010000000011001000000000000000000000000    3    4   -15.05608      0.00069  Y     39
1000100100000000000000010000000000000000    3    4    15.01542      0.00069  Y     62
0010000101000000000000000000000000000010    3    4   -14.97708      0.00069  Y     22
1000010000000000001000000100000000000000    3    4    14.91107      0.00069  Y     30
0000000100100000010000000000000010000000    4    4    14.90482      0.00069  Y     24
0100000000110000100000000000000000000000    3    2    14.88791      0.00069  Y     26
1000010000000000000000000000000001000010    3    4    14.86446      0.00068  Y     33
0100000100000010001000000000000000000000    3    4    14.85227      0.00068  Y     14
0010000000010010000100000000000000000000    3    4   -14.84832      0.00068  Y     17
0101000000000000000000000000101000000000    2    4    14.82854      0.00068  Y     17
0001010000000010100000000000000000000000    3    4   -14.81343      0.00068  Y     23
0010000000000001000001000000100000000000    3    4    14.73920      0.00068  Y     44
0000010000000010001000010000000000000000    4    4   -14.71065      0.00068  Y     35
1010000000000000000000000000010100000000    2    4    14.65545      0.00067  Y     13
0010000001000000000000000011000000000000    3    2    14.60883      0.00067  Y      9
0010100000000101000000000000000000000000    3    4    14.60838      0.00067  Y      0
0001100000000000001000000000000000000001    3    4   -14.57845      0.00067  Y     11
0000100000011000000100000000000000000000    4    4    14.49625      0.00067  Y     53
0000011000000000100000010000000000000000    4    4   -14.49399      0.00067  Y     29
1000001000000000000000000100000001000000    3    4   -14.41701      0.00066  Y     14
1001000000100000000000000000000000010000    2    4   -14.37138      0.00066  Y     30
0100000010010010000000000000000000000000    3    4   -14.36402      0.00066  Y     54
0001000100000010000000000000000010000000    3    4   -14.29664      0.00066  Y     35
0000100010000001010000000000000000000000    4    4    14.27554      0.00066  Y     41
0000001100001000010000000000000000000000    4    2    14.26606      0.00066  Y     34
0000001000001001000100000000000000000000    4    4   -14.16868      0.00065  Y     54
0000011000010000000000000000000000000010    4    4   -14.12538      0.00065  Y     31
0000000011001100000000000000000000000000    4    0    14.09478      0.00065  Y     20
0100000000100000000000000010000100000000    3    4   -14.00937      0.00064  Y     16
0100000000100000000010000000010000000000    3    4   -13.98392      0.00064  Y     11
0001001000000100000000000000000000001000    3    4   -13.97291      0.00064  Y     50
0000011000000000000000000100000000000010    4    4   -13.94719      0.00064  Y      7
0100000000100000010000001000000000000000    3    4    13.90594      0.00064  Y     52
0010100000000000000000000100000001000000    3    4    13.89844      0.00064  Y     41
0000001000010000000100100000000000000000    4    4   -13.88242      0.00064  Y     47
0001001001000000000000000000000000000010    3    4    13.86600      0.00064  Y     26
0000001000100001000000000000000000000100    4    4    13.86305      0.00064  Y     50
1000000010000001000000000100000000000000    3    4   -13.80377      0.00064  Y     40
0100010000000000000000100000000000000010    3    4   -13.77799      0.00063  Y     47
0100000000100000001000000000000000000100    3    4   -13.73767      0.00063  Y     56
0010000001110000000000000000000000000000    3    2    13.71573      0.00063  Y      5
1000000000010100000000001000000000000000    3    4    13.61729      0.00063  Y     53
0100100000000000000000000010000100000000    3    4    13.60169      0.00063  Y      2
0011000100000000000000000000000000100000    2    2    13.58725      0.00063  Y      3
0010000001000000110000000000000000000000    3    2    13.53537      0.00062  Y     61
0001000000000000001100100000000000000000    3    2    13.52937      0.00062  Y     44
0000101000000000010000010000000000000000    4    4   -13.45965      0.00062  Y     17
0100000000101000000000000100000000000000    3    4    13.39838      0.00062  Y     56
0000010100100000000000000000000000000010    4    4   -13.38211      0.00062  Y     45
0000100100000000000000000000000000011000    4    4   -13.36683      0.00062  Y      5
0110000000100000000000000000000000010000    2    4    13.36073      0.00062  Y     30
0000011000000000000000000000000000001001    4    4    13.34639      0.00061  Y     26
0010000100000000000100001000000000000000    3    4   -13.29490      0.00061  Y     12
0000000011000000000011000000000000000000    4    0    13.20937      0.00061  Y     37
0001001000000100000000001000000000000000    3    4   -13.20706      0.00061  Y     38
0000010000101000000100000000000000000000    4    4   -13.18194      0.00061  Y     45
0000001011000001000000000000000000000000    4    2   -13.18144      0.00061  Y     41
0000100000010000000000000000001100000000    4    2   -13.11512      0.00060  Y     42
0100001000000000100000000000000000000001    3    4    13.07988      0.00060  Y     48
0000001000010000100000000000000001000000    4    4    13.06234      0.00060  Y     18
1000000100010000000000100000000000000000    3    4    13.03152      0.00060  Y      6
0000100001000110000000000000000000000000    4    4   -13.01003      0.00060  Y     12
0000010000000011000000000000000000001000    4    2    12.98149      0.00060  Y     39
1000110000000000010000000000000000000000    3    2   -12.93082      0.00060  Y      1
0000100000010000000000000000000000001100    4    2   -12.90988      0.00059  Y     26
0100001000000010000100000000000000000000    3    4   -12.90417      0.00059  Y     50
0000010000100000000000000011000000000000    4    2    12.77380      0.00059  Y     17
0001100000000001100000000000000000000000    3    4   -12.71522      0.00059  Y     47
0001000010000000000000001100000000000000    3    2   -12.71228      0.00059  Y     59
0000000100100000000010000001000000000000    4    4   -12.68275      0.00058  Y     45
0010000000000011000000000000000001000000    3    2    12.62709      0.00058  Y     51
0000000000110000000011000000000000000000    4    0    12.59068      0.00058  Y     25
1000000000000000000100110000000000000000    3    2   -12.57712      0.00058  Y     15
0010000110000001000000000000000000000000    3    4    12.55716      0.00058  Y     35
0001000010010000000000001000000000000000    3    4   -12.49380      0.00058  Y      9
0100000000100000000001000000100000000000    3    4    12.44790      0.00057  Y     39
0001000010000000001100000000000000000000    3    2   -12.42188      0.00057  Y     27
0100000011000000001000000000000000000000    3    2   -12.39749      0.00057  Y     29
0010000001100000000000000100000000000000    3    4   -12.38003      0.00057  Y     37
1000000100000000000000100100000000000000    3    4    12.37368      0.00057  Y     43
0000010110000000001000000000000000000000    4    4    12.34850      0.00057  Y     39
0000000000111100000000000000000000000000    4    0    12.34579      0.00057  Y      8
1000000000010000000001000000100000000000    3    4   -12.32338      0.00057  Y     55
0000010010000001001000000000000000000000    4    4    12.31276      0.00057  Y     61
0000010010000010000100000000000000000000    4    4    12.31045      0.00057  Y     11
0000100000000001000000000000100100000000    4    4    12.29952      0.00057  Y     42
0010000000001001000000000100000000000000    3    4   -12.21074      0.00056  Y      5
0001010000000000000000001000000010000000    3    4    12.14405      0.00056  Y      9
0001001000000000001000000100000000000000    3    4   -12.11753      0.00056  Y     39
0110000000000001000000001000000000000000    2    4   -12.09583      0.00056  Y     42
0010000100000000000000000010000100000000    3    4    12.07367      0.00056  Y     53
0010000010010000000000000100000000000000    3    4    12.00594      0.00055  Y     35
0001001000100000000100000000000000000000    3    4    11.88741      0.00055  Y     35
0100010010000000000000000000000000100000    3    4    11.87622      0.00055  Y     44
0000010000001010000000010000000000000000    4    4   -11.87511      0.00055  Y     55
0000100000000001010000000000000010000000    4    4   -11.84227      0.00055  Y     49
0000100000110000000000000100000000000000    4    2    11.83891      0.00054  Y     63
0000001000000101001000000000000000000000    4    4    11.78830      0.00054  Y     52
0000100000000001100000000000000001000000    4    4    11.78827      0.00054  Y     45
0000100010010000000000010000000000000000    4    4    11.76955      0.00054  Y     31
1100000000000000000000000000110000000000    2    0    11.75935      0.00054  Y     35
0010000000000001001000000000000000000100    3    4   -11.74433      0.00054  Y     61
0000100100000000000000000000011000000000    4    4    11.73032      0.00054  Y     54
0000010000000010000001000010000000000000    4    4    11.67326      0.00054  Y     16
0010000100010000001000000000000000000000    3    4    11.66775      0.00054  Y     63
1000010000000000000100001000000000000000    3    4    11.65791      0.00054  Y     33
1000000100000000000000000001100000000000    3    4   -11.61401      0.00053  Y     36
1000000001001000000000010000000000000000    3    4    11.60344      0.00053  Y     30
1000010000000000000000000000000001100000    3    4    11.57057      0.00053  Y     33
0000001000011000000000010000000000000000    4    4   -11.54263      0.00053  Y      6
0010000001000000000000110000000000000000    3    2    11.52757      0.00053  Y     52
0000000000010010100000000000000001000000    4    4    11.50618      0.00053  Y     10
0001100000100000000000010000000000000000    3    4    11.48068      0.00053  Y      7
1000000000000001000000000010010000000000    3    4    11.46599      0.00053  Y     16
0000001000001001010000000000000000000000    4    4    11.41765      0.00053  Y     10
0000100000001001000000010000000000000000    4    4    11.40147      0.00052  Y     63
0000000100101000000000010000000000000000    4    4    11.38670      0.00052  Y     16
0010000100000000000000000000000001100000    3    4   -11.35125      0.00052  Y     12
0000100100000100000000000000000010000000    4    4   -11.34804      0.00052  Y     62
1000010000000001000000100000000000000000    3    4   -11.34265      0.00052  Y      6
1000001000000000010000000000000000000001    3    4   -11.29752      0.00052  Y     44
0001000010000000000000110000000000000000    3    2   -11.21250      0.00052  Y     14
0010000000000001000100000000000000001000    3    4    11.20112      0.00052  Y     32
0010010000000000000001000000001000000000    3    4   -11.11556      0.00051  Y     10
0100000000001011000000000000000000000000    3    2    11.09843      0.00051  Y     46
0010001000000100000000000100000000000000    3    4   -11.07707      0.00051  Y      6
0000001000010000000001000010000000000000    4    4   -11.06005      0.00051  Y      7
0000000000100011000000000100000000000000    4    2   -11.04708      0.00051  Y     60
0010000000110000000000010000000000000000    3    2   -11.02655      0.00051  Y     59
0000001000010000010000000000000010000000    4    4   -11.02217      0.00051  Y     14
0010010000000000000010000000000100000000    3    4   -11.01353      0.00051  Y     10
0000001001000001000000100000000000000000    4    4   -11.01035      0.00051  Y     48
0000100001000001001000000000000000000000    4    4    11.00473      0.00051  Y      1
0010000100000000000000100000000000010000    3    4   -11.00061      0.00051  Y     14
0001001000000001000000000000000010000000    3    4    10.98731      0.00051  Y     43
0010010000000000000000010000000000001000    3    4    10.94883      0.00050  Y     32
0001000000010010001000000000000000000000    3    4    10.90052      0.00050  Y      1
0000011000000010000000000100000000000000    4    4   -10.89845      0.00050  Y     63
0100001001000000000000001000000000000000    3    4   -10.87924      0.00050  Y     21
1000010000000000000000010000000000100000    3    4   -10.86463      0.00050  Y     27
1000000011000000000100000000000000000000    3    2    10.83662      0.00050  Y     61
0001000000001000000001000010000000000000    3    4    10.75798      0.00050  Y     36
0000001100000100100000000000000000000000    4    2   -10.70433      0.00049  Y     55
0000010010000001100000000000000000000000    4    4   -10.69814      0.00049  Y     61
0010010100001000000000000000000000000000    3    4   -10.68866      0.00049  Y     43
1000000100000010000100000000000000000000    3    4   -10.68308      0.00049  Y     46
0000000100100100000000100000000000000000    4    4   -10.57272      0.00049  Y     59
0010010000000000001000000000000000000001    3    4   -10.57114      0.00049  Y     39
0010000100000000000000000001001000000000    3    4   -10.55634      0.00049  Y      5
0001010000000000100000000000000000000010    3    4    10.55497      0.00049  Y     61
1100000000000000000000000000000000001100    2    0   -10.48601      0.00048  Y     43
0001000001100000000000001000000000000000    3    4    10.47421      0.00048  Y     47
0000010000110000000000001000000000000000    4    2   -10.44354      0.00048  Y     43
0010100001000000000000000000000000000100    3    4   -10.43941      0.00048  Y     32
0010110000000000000000000000000001000000    3    2   -10.39361      0.00048  Y      6
0000000110100000000100000000000000000000    4    4    10.39294      0.00048  Y     56
0001011000000000100000000000000000000000    3    4   -10.35563      0.00048  N     47
0000100000000001000000001000000000000001    4    4    10.34108      0.00048  Y     13
0100000100000000000000100000000000001000    3    4    10.30143      0.00047  Y     19
0000100100000000000000000000000000000110    4    4    10.26592      0.00047  Y     52
0000000100000110001000000000000000000000    4    4   -10.25269      0.00047  Y     24
0000000100100000100000000000000001000000    4    4   -10.23192      0.00047  Y     28
0000000100000010110000000000000000000000    4    2    10.19458      0.00047  Y     20
0001000010000100100000000000000000000000    3    4   -10.19237      0.00047  Y     30
0000101000000000000000000100000000000001    4    4    10.17209      0.00047  Y      3
0001001000000000000000000010000100000000    3    4   -10.16964      0.00047  Y     59
0000100000000001000000001000000000010000    4    4    10.16815      0.00047  Y     61
0001000100000000001000001000000000000000    3    4    10.16292      0.00047  Y     29
0000000000110000110000000000000000000000    4    0    10.15568      0.00047  Y     16
1000100000000001000000010000000000000000    3    4    10.15568      0.00047  Y     46
0100000100001010000000000000000000000000    3    4   -10.15351      0.00047  Y     16
0010001001000000000000000000000000010000    3    4   -10.14733      0.00047  Y     42
0001000010000000000000000000110000000000    3    2   -10.11510      0.00047  Y     26
0001000010000000110000000000000000000000    3    2   -10.11108      0.00047  Y     23
0000010100000000100000100000000000000000    4    4   -10.09232      0.00046  Y      9
0000000100100010000000000100000000000000    4    4    10.09175      0.00046  Y     18
0000000111000010000000000000000000000000    4    2    10.03456      0.00046  Y     47
0100100000000000010000000000000000001000    3    4    9.985966      0.00046  Y     42
0100000100000000100000000000000000000010    3    4   -9.967308      0.00046  Y     52
0010001000010100000000000000000000000000    3    4   -9.964463      0.00046  Y     55
0100000000100000100000000100000000000000    3    4   -9.918950      0.00046  Y     20
0010001000000000000100000000000000000100    3    4    9.897707      0.00046  Y     28
1000010000000000010000000000000000001000    3    4   -9.877331      0.00045  Y     34
0000100000010001000000000000000000000010    4    4    9.860788      0.00045  Y     25
0001000000000010000100000000000000001000    3    4   -9.846998      0.00045  Y      0
0010001000000001000000000000000001000000    3    4   -9.832466      0.00045  Y     29
0001000000000000110000100000000000000000    3    2    9.827940      0.00045  Y      1
0010000001000000000000001100000000000000    3    2    9.818500      0.00045  Y     33
0001000010001000000100000000000000000000    3    4    9.802166      0.00045  Y      7
1000010001000000000000000000000000100000    3    4    9.798179      0.00045  N     43
0010000000000100100000000000000001000000    3    4    9.757971      0.00045  Y      7
0001001010000000000000000000000000000001    3    4   -9.754665      0.00045  Y     21
0100000110100000000000000000000000000000    3    4   -9.753143      0.00045  Y     26
0100011000000000000000000000000010000000    3    4    9.742541      0.00045  Y     48
1000000000100001000000010000000000000000    3    4    9.720122      0.00045  Y      0
0100100000001000000000000000000000000100    3    4    9.712572      0.00045  N      6
0001000000000010100000000100000000000000    3    4    9.692291      0.00045  Y      7
0100110000000000100000000000000000000000    3    2   -9.669297      0.00045  Y     51
0000000011000000110000000000000000000000    4    0    9.669233      0.00045  Y     28
0000101000000000000000000100000000010000    4    4    9.657989      0.00044  Y     51
0000001100010000000000000000000000001000    4    2   -9.634883      0.00044  Y      0
0000010000000010000000000000100100000000    4    4   -9.616473      0.00044  Y     30
0100100000000000000000000000000010010000    3    4    9.609453      0.00044  Y     12
0010000000010100000000000000000000000010    3    4    9.585288      0.00044  N     42
0001001000001000000000000000000000000100    3    4    9.569389      0.00044  N     63
0000001001010000001000000000000000000000    4    4    9.532721      0.00044  Y     62
0000000000010010010000000000000010000000    4    4   -9.522267      0.00044  Y      6
0000000100010010000000000000000000001000    4    4    9.485737      0.00044  Y     22
0000001000100001000000000100000000000000    4    4   -9.468526      0.00044  Y      6
0100001000001000000000000000000000000001    3    4   -9.454476      0.00044  Y     20
0100000000000010001000000000000000000001    3    4   -9.450373      0.00044  N     48
0001000000000000000011100000000000000000    3    2    9.447459      0.00043  Y     42
1010000000000001000000000000000000000100    2    4   -9.440649      0.00043  N     58
0000011000000000001000000000000001000000    4    4    9.413862      0.00043  Y      5
0000001000000001000000110000000000000000    4    2   -9.393801      0.00043  Y     25
0001000000100001100000000000000000000000    3    4   -9.381568      0.00043  Y     63
0000010000000000000000001011000000000000    4    2   -9.346788      0.00043  Y     25
0000100100000000000000000000000000001001    4    4   -9.334017      0.00043  Y     14
0001100010000000000000000000000000000100    3    4    9.331792      0.00043  Y     17
0100000100000000000010000000001000000000    3    4   -9.328056      0.00043  Y     29
0001000011000000000000100000000000000000    3    2    9.327814      0.00043  Y      6
1000000100000000010000000000000000000010    3    4    9.300686      0.00043  Y     56
0001001000000000010000000000000000001000    3    4   -9.293907      0.00043  N     35
0001001000000000000000000000000010010000    3    4   -9.290091      0.00043  Y      5
0001000000100000100000000000000000010000    3    4   -9.288160      0.00043  Y      3
0000100000010000100100000000000000000000    4    4    9.276829      0.00043  Y     17
0001001000000000000000010000000000100000    3    4   -9.265396      0.00043  Y     42
0000100001000010000100000000000000000000    4    4    9.251024      0.00043  Y     51
0000011000000000000000000000000000100100    4    4   -9.235907      0.00043  Y     35
0010000001000000000000000000110000000000    3    2    9.235279      0.00043  Y      0
0100001000000000001000000000000000010000    3    4   -9.233294      0.00043  Y     48
1000000100100000000000010000000000000000    3    4    9.231322      0.00042  Y     36
0100010000000000100000001000000000000000    3    4   -9.212181      0.00042  Y     50
0100001000000000000010000000000100000000    3    4    9.209010      0.00042  Y     35
0100000010000100000000100000000000000000    3    4    9.189127      0.00042  Y     45
0000001000000001000011000000000000000000    4    2   -9.151937      0.00042  Y     43
0001100001100000000000000000000000000000    3    4   -9.149049      0.00042  Y     16
0000010010000100000000000000000000000010    4    4    9.134081      0.00042  Y     50
0100000010000000100000010000000000000000    3    4   -9.116265      0.00042  Y     52
0000001000001101000000000000000000000000    4    2   -9.114280      0.00042  Y     23
1000000100010000000000000000000010000000    3    4   -9.106880      0.00042  Y     50
0100000001000010000000001000000000000000    3    4   -9.077036      0.00042  Y      4
0000000000000011000011000000000000000000    4    0    9.026592      0.00042  Y     29
0000100000000001000001000010000000000000    4    4   -8.995306      0.00041  Y     56
0000001010000001000000010000000000000000    4    4    8.994885      0.00041  Y     38
0001001000000000000000100000000000010000    3    4    8.989859      0.00041  Y     34
0000000000010010000001000010000000000000    4    4   -8.986278      0.00041  Y     63
0000000000001100110000000000000000000000    4    0    8.954548      0.00041  Y     46
0010000000010110000000000000000000000000    3    4    8.950485      0.00041  Y     42
0000000001011010000000000000000000000000    4    4   -8.947104      0.00041  Y     35
0000001000010000001000000000000001000000    4    4    8.930674      0.00041  N      2
1000000000000111000000000000000000000000    3    2    8.901770      0.00041  Y     48
0001000000110000000000100000000000000000    3    2    8.891571      0.00041  Y      9
0010010000000000000100000000000000000010    3    4   -8.884148      0.00041  Y      2
0100100010000000000000000000000000000001    3    4   -8.861310      0.00041  Y     28
1000001000000000010000000000000000010000    3    4   -8.848520      0.00041  Y     28
0001100000000000000100000000000000000010    3    4   -8.842738      0.00041  Y     38
0000100100000000001000000000000001000000    4    4   -8.823605      0.00041  Y     35
0010000000000101000000000000000000001000    3    4    8.813931      0.00041  Y     59
0100000010000000000100100000000000000000    3    4   -8.806375      0.00041  N     47
0000110000000001000000000000000000100000    4    2    8.744506      0.00040  Y      3
0000000010100101000000000000000000000000    4    4   -8.736206      0.00040  Y     51
0000000000010010000010000001000000000000    4    4    8.733715      0.00040  Y     27
0100000000000010000000000001100000000000    3    4    8.716298      0.00040  Y     44
0100001000000000000100000000000000100000    3    4    8.712714      0.00040  Y     27
0010000000010000000010000000000100000000    3    4    8.695295      0.00040  Y     32
0000010000000000001100001000000000000000    4    2   -8.694104      0.00040  Y     56
0100100001000000000000000000000000000010    3    4   -8.684134      0.00040  Y     33
0000110000000010000000000000000000010000    4    2   -8.669966      0.00040  N     37
0000001000000000000001000110000000000000    4    4   -8.663236      0.00040  Y     10
0100001000100000000000010000000000000000    3    4    8.641470      0.00040  Y     60
0001101000000100000000000000000000000000    3    4   -8.633915      0.00040  N     29
1000010010000000000000000000000000010000    3    4   -8.626217      0.00040  Y     32
0000001000000000110000000000000000010000    4    2    8.600034      0.00040  Y      6
0100001000000000000000100000000000000100    3    4   -8.546017      0.00039  N      9
0000010000100010000000000000000000000001    4    4    8.520972      0.00039  N      3
0000000000000000000011000011000000000000    4    0    8.513011      0.00039  Y     25
1000000000000001000001000000001000000000    3    4   -8.506781      0.00039  Y     35
0000011000000100000000000000000010000000    4    4    8.498153      0.00039  Y     42
0100100000000000000000100000000000010000    3    4   -8.477478      0.00039  Y     41
0000000000100001000010000001000000000000    4    4   -8.445382      0.00039  Y     25
0000000011001000000100000000000000000000    4    2   -8.438275      0.00039  Y     12
0010000000000001000010000000010000000000    3    4   -8.428475      0.00039  Y     16
0000000110000010000000010000000000000000    4    4   -8.417766      0.00039  Y     50
0000100000000001100000010000000000000000    4    4   -8.409182      0.00039  Y     21
0100000000000001000000001000000010000000    3    4    8.407815      0.00039  Y     32
0000100000010100001000000000000000000000    4    4   -8.362730      0.00038  Y     30
0100100000000100000000000000000000001000    3    4    8.359151      0.00038  Y     57
0001000000001010000000000100000000000000    3    4    8.353916      0.00038  Y     35
0010100000000000000000000001010000000000    3    4   -8.344942      0.00038  Y     27
0000100100000000000000001000000000000001    4    4   -8.326783      0.00038  Y     19
0001000000100000001000000000000000000001    3    4   -8.314088      0.00038  Y     35
0000000100000010000011000000000000000000    4    2    8.313221      0.00038  Y     11
0010000001000000011000000000000000000000    3    4    8.310037      0.00038  Y     53
0010010000000000000000000100000010000000    3    4   -8.255131      0.00038  Y     61
0010000001001000010000000000000000000000    3    4   -8.247777      0.00038  Y     25
0010000001000000000000000000000000000011    3    2    8.237295      0.00038  Y     39
0010000000000100000010000001000000000000    3    4    8.219915      0.00038  Y     54
0000010000000000000000000011000000001000    4    2    8.207616      0.00038  Y     25
0001010000000000000000000010100000000000    3    4   -8.205474      0.00038  Y     29
0100001000000000000000000010010000000000    3    4    8.186818      0.00038  Y     16
0000010000100000011000000000000000000000    4    4    8.179538      0.00038  Y     37
1000000000000001000010000000000100000000    3    4   -8.152569      0.00038  Y     35
1000001000000000000001000000000100000000    3    4   -8.127871      0.00037  Y      3
0000100010010000000000000000000001000000    4    4    8.113267      0.00037  N     55
0000010000100000000000000000001100000000    4    2    8.103298      0.00037  Y     34
0001010000100000000000000000000010000000    3    4    8.098204      0.00037  Y     13
1000000100000110000000000000000000000000    3    4   -8.079334      0.00037  Y      7
0000000010010110000000000000000000000000    4    4    8.072430      0.00037  Y     55
0000000100000010001100000000000000000000    4    2    8.065605      0.00037  Y     16
0000000110010000001000000000000000000000    4    4   -8.056697      0.00037  Y      6
0100100001000000000000000000000000100000    3    4   -8.053429      0.00037  Y     33
0000000001000011000000100000000000000000    4    2   -8.030667      0.00037  Y     23
0000000000001100000011000000000000000000    4    0    8.025587      0.00037  Y     55
0010000000001001000000000000000000000100    3    4   -8.019554      0.00037  N     25
0000010000100001000000000000000000000010    4    4   -8.013769      0.00037  Y     17
1001000000000000000000001000000000000001    2    4    8.012514      0.00037  Y     50
0000000101000010000000100000000000000000    4    4    7.993797      0.00037  Y     36
0100001000000000000000011000000000000000    3    4    7.981685      0.00037  Y      5
0000000100100000100000010000000000000000    4    4    7.970344      0.00037  Y     52
0000001000000001000000000000000011000000    4    2   -7.961559      0.00037  Y     36
0000010000000010000000000000000000100100    4    4    7.953711      0.00037  Y     45
0000010010100000000000000000000001000000    4    4   -7.946907      0.00037  Y     45
0000000010010010000100000000000000000000    4    4    7.942684      0.00037  Y     16
1000010010000000000000000000000000000001    3    4   -7.934709      0.00037  Y     48
0000000000110001000000000000000000000010    4    2   -7.896439      0.00036  Y     28
0000010010001001000000000000000000000000    4    4   -7.863954      0.00036  Y     53
0000010000010000101000000000000000000000    4    4    7.842898      0.00036  Y      7
0000001001000000010000001000000000000000    4    4    7.838909      0.00036  Y     24
0010000000010000100000000000000000010000    3    4    7.832659      0.00036  Y     35
0100100000000010000000000000000001000000    3    4    7.797020      0.00036  Y     12
1000100000000000010000000100000000000000    3    4   -7.792744      0.00036  Y     62
0010000000010000000100000000000000000010    3    4    7.774604      0.00036  Y     40
0000101000010000000000000000000000010000    4    4    7.770157      0.00036  Y     11
0111000000000000100000000000000000000000    1    2   -7.768492      0.00036  Y     59
0001000000010000000000001000000010000000    3    4   -7.765397      0.00036  Y     51
0000100000010000000000000000000000110000    4    2   -7.758799      0.00036  Y     11
0000001001100100000000000000000000000000    4    4    7.750408      0.00036  Y      4
0000000000010011000000001000000000000000    4    2    7.735532      0.00036  Y     10
1000000100000000000000010000000000001000    3    4   -7.723411      0.00036  Y     39
1000000000010000000100000000000000001000    3    4   -7.716290      0.00036  Y     43
0100100000000001000000100000000000000000    3    4    7.698329      0.00035  Y      6
0010000000010000000000010000000000001000    3    4   -7.697017      0.00035  N     10
1000100000000000000000000001000100000000    3    4   -7.669940      0.00035  Y     46
0001001000010000001000000000000000000000    3    4    7.666427      0.00035  Y     49
0000011000000000000100000000000010000000    4    4   -7.655778      0.00035  Y     44
0000000010001100000000010000000000000000    4    2    7.655168      0.00035  Y     33
1110000000000000000000000000000001000000    1    2   -7.642078      0.00035  Y     45
0000000000100011000000000000000000000100    4    2    7.628475      0.00035  Y     40
0001000000000001001000001000000000000000    3    4   -7.611014      0.00035  Y      3
0000000110000000001000000000000000000100    4    4    7.584467      0.00035  N     40
0010000000000010000100000000000000000100    3    4   -7.571739      0.00035  Y     52
0000010001100000000000000000000010000000    4    4    7.570146      0.00035  Y      1
0000011010000000010000000000000000000000    4    4   -7.548849      0.00035  Y     59
1000010001000000000000000000000000000010    3    4    7.524043      0.00035  Y     43
1101000000000000000000000000000010000000    1    2   -7.521379      0.00035  N     29
0001000010110000000000000000000000000000    3    2   -7.501821      0.00035  Y     31
1000000001000000010000100000000000000000    3    4   -7.495833      0.00035  Y     58
0000000100000010000000001100000000000000    4    2    7.491851      0.00034  Y     48
0000100100001000000000000000000001000000    4    4    7.490772      0.00034  Y     15
1000000100001001000000000000000000000000    3    4    7.486205      0.00034  Y      4
0001100000000000010000000000000000000010    3    4   -7.455897      0.00034  Y     51
0000100000000011000000000100000000000000    4    2    7.448914      0.00034  Y     57
 
